<?xml version="1.0" encoding="UTF-8"?>
<!-- Generated by org.testng.reporters.JUnitXMLReporter -->
<testsuite ignored="0" hostname="LAPTOP-MVJK2OM8" failures="0" tests="8" name="EdgeTest" time="0.202" errors="0" timestamp="2025-04-30T17:34:19 IST">
  <testcase classname="com.qa.tests.TC_001_SignUpTest" name="signupTest" time="0.0">
    <skipped/>
  </testcase> <!-- signupTest -->
  <testcase classname="com.qa.tests.TC_001_SignUpTest" name="signupTest" time="0.0">
    <skipped/>
  </testcase> <!-- signupTest -->
  <testcase classname="com.qa.tests.TC_001_SignUpTest" name="signupTest" time="0.0">
    <skipped/>
  </testcase> <!-- signupTest -->
  <testcase classname="com.qa.tests.TC_001_SignUpTest" name="signupTest" time="0.0">
    <skipped/>
  </testcase> <!-- signupTest -->
  <testcase classname="com.qa.tests.TC_001_SignUpTest" name="signupTest" time="0.0">
    <skipped/>
  </testcase> <!-- signupTest -->
  <testcase classname="com.qa.tests.TC_001_SignUpTest" name="signupTest" time="0.0">
    <skipped/>
  </testcase> <!-- signupTest -->
  <testcase classname="com.qa.tests.TC_001_SignUpTest" name="signupTest" time="0.0">
    <skipped/>
  </testcase> <!-- signupTest -->
  <testcase classname="com.qa.tests.TC_001_SignUpTest" name="verifySignUpButtonNavigation" time="0.0">
    <skipped/>
  </testcase> <!-- verifySignUpButtonNavigation -->
</testsuite> <!-- EdgeTest -->
